<?xml version="1.0" encoding="UTF-8"?>
<testsuite xmlns:xsi="http://www.w3.org/2001/XMLSchema-instance" xsi:noNamespaceSchemaLocation="https://maven.apache.org/surefire/maven-surefire-plugin/xsd/surefire-test-report-3.0.xsd" version="3.0" name="yash20MIC0028.UserValidationTest" time="0.07" tests="2" errors="0" skipped="0" failures="0">
  <properties>
[...]
</properties>
  <testcase name="testInvalidUser" classname="yash20MIC0028.UserValidationTest" time="0.01">
    <system-out><![CDATA[Harsh Not Authorized!!
]]></system-out>
  </testcase>
  <testcase name="testValidUser" classname="yash20MIC0028.UserValidationTest" time="0.002">
    <system-out><![CDATA[Welcome Ram
]]></system-out>
  </testcase>
</testsuite>